TN:
SF:src/app.controller.ts
FN:7,(anonymous_4)
FN:10,(anonymous_5)
FNF:2
FNH:2
FNDA:7,(anonymous_4)
FNDA:1,(anonymous_5)
DA:1,3
DA:2,3
DA:6,3
DA:7,7
DA:10,3
DA:11,1
LF:6
LH:6
BRF:0
BRH:0
end_of_record
TN:
SF:src/app.module.ts
FNF:0
FNH:0
DA:1,2
DA:2,2
DA:3,2
DA:4,2
DA:5,2
DA:6,2
DA:7,2
DA:8,2
DA:9,2
DA:10,2
DA:32,2
LF:11
LH:11
BRDA:17,0,0,2
BRDA:17,0,1,0
BRDA:20,1,0,2
BRDA:20,1,1,0
BRDA:21,2,0,2
BRDA:21,2,1,0
BRF:6
BRH:3
end_of_record
TN:
SF:src/app.service.ts
FN:5,(anonymous_1)
FNF:1
FNH:1
FNDA:3,(anonymous_1)
DA:1,4
DA:4,4
DA:6,3
LF:3
LH:3
BRF:0
BRH:0
end_of_record
TN:
SF:src/main.ts
FN:7,bootstrap
FNF:1
FNH:1
FNDA:1,bootstrap
DA:1,1
DA:2,1
DA:3,1
DA:4,1
DA:5,1
DA:8,1
DA:11,0
DA:17,0
DA:20,0
DA:23,0
DA:32,0
DA:33,0
DA:35,0
DA:36,0
DA:38,0
DA:55,1
DA:57,1
LF:17
LH:8
BRDA:35,0,0,0
BRDA:35,0,1,0
BRF:2
BRH:0
end_of_record
TN:
SF:src/common/filters/all-exceptions.filter.ts
FN:6,(anonymous_1)
FNF:1
FNH:1
FNDA:5,(anonymous_1)
DA:1,2
DA:5,2
DA:7,5
DA:8,5
DA:10,5
DA:11,5
DA:13,5
DA:14,1
DA:15,1
DA:16,4
DA:17,2
DA:18,2
DA:19,1
DA:22,5
LF:14
LH:14
BRDA:13,0,0,1
BRDA:13,0,1,4
BRDA:16,1,0,2
BRDA:16,1,1,2
BRDA:18,2,0,1
BRDA:18,2,1,1
BRDA:18,3,0,2
BRDA:18,3,1,2
BRDA:18,3,2,1
BRF:9
BRH:9
end_of_record
TN:
SF:src/customers/customers.controller.ts
FN:9,(anonymous_4)
FN:12,(anonymous_5)
FN:17,(anonymous_6)
FN:22,(anonymous_7)
FN:27,(anonymous_8)
FN:32,(anonymous_9)
FNF:6
FNH:6
FNDA:11,(anonymous_4)
FNDA:1,(anonymous_5)
FNDA:1,(anonymous_6)
FNDA:1,(anonymous_7)
FNDA:1,(anonymous_8)
FNDA:1,(anonymous_9)
DA:1,4
DA:2,4
DA:3,4
DA:4,4
DA:8,4
DA:9,11
DA:12,4
DA:13,1
DA:17,4
DA:18,1
DA:22,4
DA:23,1
DA:27,4
DA:28,1
DA:32,4
DA:33,1
LF:16
LH:16
BRF:0
BRH:0
end_of_record
TN:
SF:src/customers/customers.module.ts
FNF:0
FNH:0
DA:1,3
DA:2,3
DA:3,3
DA:4,3
DA:5,3
DA:12,3
LF:6
LH:6
BRF:0
BRH:0
end_of_record
TN:
SF:src/customers/customers.service.ts
FN:10,(anonymous_4)
FN:14,(anonymous_5)
FN:18,(anonymous_6)
FN:22,(anonymous_7)
FN:26,(anonymous_8)
FN:30,(anonymous_9)
FNF:6
FNH:6
FNDA:11,(anonymous_4)
FNDA:1,(anonymous_5)
FNDA:1,(anonymous_6)
FNDA:1,(anonymous_7)
FNDA:1,(anonymous_8)
FNDA:1,(anonymous_9)
DA:1,5
DA:2,5
DA:3,5
DA:4,5
DA:9,5
DA:11,11
DA:15,1
DA:19,1
DA:23,1
DA:27,1
DA:31,1
LF:11
LH:11
BRF:0
BRH:0
end_of_record
TN:
SF:src/customers/dto/create-customer.dto.ts
FN:4,(anonymous_2)
FNF:1
FNH:0
FNDA:0,(anonymous_2)
DA:1,4
DA:2,4
DA:4,4
DA:8,4
DA:13,4
DA:18,4
LF:6
LH:6
BRF:0
BRH:0
end_of_record
TN:
SF:src/customers/dto/update-customer.dto.ts
FNF:0
FNH:0
DA:1,4
DA:2,4
DA:4,4
LF:3
LH:3
BRF:0
BRH:0
end_of_record
TN:
SF:src/customers/schemas/customer.schema.ts
FN:7,(anonymous_2)
FNF:1
FNH:0
FNDA:0,(anonymous_2)
DA:1,9
DA:7,9
DA:9,9
DA:12,9
DA:15,9
DA:18,9
DA:21,9
LF:7
LH:7
BRF:0
BRH:0
end_of_record
TN:
SF:src/orders/notificacao.processor.ts
FN:7,(anonymous_2)
FN:11,(anonymous_3)
FN:19,(anonymous_4)
FN:24,(anonymous_5)
FNF:4
FNH:4
FNDA:11,(anonymous_2)
FNDA:1,(anonymous_3)
FNDA:1,(anonymous_4)
FNDA:1,(anonymous_5)
DA:1,4
DA:2,4
DA:7,4
DA:8,11
DA:11,4
DA:12,1
DA:14,1
DA:15,1
DA:19,4
DA:20,1
DA:24,4
DA:25,1
LF:12
LH:12
BRF:0
BRH:0
end_of_record
TN:
SF:src/orders/orders.controller.ts
FN:10,(anonymous_4)
FN:13,(anonymous_5)
FN:18,(anonymous_6)
FN:46,(anonymous_7)
FN:53,(anonymous_8)
FN:58,(anonymous_9)
FN:63,(anonymous_10)
FN:69,(anonymous_11)
FNF:8
FNH:8
FNDA:15,(anonymous_4)
FNDA:1,(anonymous_5)
FNDA:2,(anonymous_6)
FNDA:2,(anonymous_7)
FNDA:1,(anonymous_8)
FNDA:1,(anonymous_9)
FNDA:1,(anonymous_10)
FNDA:1,(anonymous_11)
DA:1,4
DA:2,4
DA:3,4
DA:4,4
DA:5,4
DA:9,4
DA:10,15
DA:13,4
DA:14,1
DA:18,4
DA:19,2
DA:20,2
DA:21,1
DA:31,1
DA:46,4
DA:47,2
DA:48,2
DA:49,2
DA:53,4
DA:54,1
DA:58,4
DA:59,1
DA:63,4
DA:64,1
DA:69,4
DA:70,1
LF:26
LH:26
BRDA:47,0,0,1
BRDA:47,0,1,1
BRDA:48,1,0,1
BRDA:48,1,1,1
BRF:4
BRH:4
end_of_record
TN:
SF:src/orders/orders.module.ts
FNF:0
FNH:0
DA:1,3
DA:2,3
DA:3,3
DA:4,3
DA:5,3
DA:6,3
DA:7,3
DA:8,3
DA:9,3
DA:10,3
DA:11,3
DA:28,3
LF:12
LH:12
BRF:0
BRH:0
end_of_record
TN:
SF:src/orders/orders.service.ts
FN:16,(anonymous_4)
FN:24,(anonymous_5)
FN:57,(anonymous_6)
FN:65,(anonymous_7)
FN:90,(anonymous_8)
FN:98,(anonymous_9)
FN:102,(anonymous_10)
FN:106,(anonymous_11)
FN:110,(anonymous_12)
FN:144,(anonymous_13)
FNF:10
FNH:10
FNDA:19,(anonymous_4)
FNDA:5,(anonymous_5)
FNDA:2,(anonymous_6)
FNDA:1,(anonymous_7)
FNDA:2,(anonymous_8)
FNDA:1,(anonymous_9)
FNDA:1,(anonymous_10)
FNDA:1,(anonymous_11)
FNDA:1,(anonymous_12)
FNDA:1,(anonymous_13)
DA:1,6
DA:2,6
DA:3,6
DA:5,6
DA:6,6
DA:7,6
DA:8,6
DA:11,6
DA:12,6
DA:15,6
DA:17,19
DA:18,19
DA:19,19
DA:20,19
DA:21,19
DA:25,5
DA:26,5
DA:33,4
DA:34,1
DA:37,3
DA:39,3
DA:40,1
DA:43,2
DA:45,2
DA:47,3
DA:50,3
DA:51,3
DA:53,3
DA:58,2
DA:59,2
DA:60,1
DA:63,1
DA:64,1
DA:65,1
DA:68,1
DA:70,1
DA:77,1
DA:79,1
DA:85,1
DA:87,1
DA:91,2
DA:92,2
DA:93,1
DA:95,2
DA:99,1
DA:103,1
DA:107,1
DA:111,1
DA:145,1
DA:146,1
DA:147,1
LF:51
LH:51
BRDA:33,0,0,1
BRDA:33,0,1,3
BRDA:33,1,0,4
BRDA:33,1,1,4
BRDA:39,2,0,1
BRDA:39,2,1,2
BRDA:39,3,0,3
BRDA:39,3,1,2
BRDA:59,4,0,1
BRDA:59,4,1,1
BRDA:92,5,0,1
BRDA:92,5,1,1
BRDA:92,6,0,2
BRDA:92,6,1,1
BRDA:110,7,0,0
BRF:15
BRH:14
end_of_record
TN:
SF:src/orders/dto/create-order.dto.ts
FN:5,(anonymous_2)
FN:22,(anonymous_3)
FN:36,(anonymous_4)
FNF:3
FNH:1
FNDA:0,(anonymous_2)
FNDA:5,(anonymous_3)
FNDA:0,(anonymous_4)
DA:1,5
DA:2,5
DA:3,5
DA:9,5
DA:14,5
DA:19,5
DA:22,5
DA:26,10
DA:31,10
DA:36,0
DA:37,10
LF:11
LH:10
BRF:0
BRH:0
end_of_record
TN:
SF:src/orders/dto/update-order.dto.ts
FNF:0
FNH:0
DA:1,4
DA:2,4
DA:4,4
LF:3
LH:3
BRF:0
BRH:0
end_of_record
TN:
SF:src/orders/schemas/order.schema.ts
FN:7,(anonymous_2)
FN:19,(anonymous_3)
FNF:2
FNH:0
FNDA:0,(anonymous_2)
FNDA:0,(anonymous_3)
DA:1,6
DA:2,6
DA:7,6
DA:9,6
DA:12,6
DA:15,6
DA:19,6
DA:21,6
DA:24,6
DA:27,6
DA:30,6
DA:33,6
DA:36,6
DA:39,6
DA:42,6
DA:43,6
LF:16
LH:16
BRF:0
BRH:0
end_of_record
TN:
SF:src/reports/reports.controller.ts
FN:6,(anonymous_4)
FN:9,(anonymous_5)
FNF:2
FNH:2
FNDA:10,(anonymous_4)
FNDA:4,(anonymous_5)
DA:1,4
DA:2,4
DA:5,4
DA:6,10
DA:9,4
DA:10,4
DA:11,4
LF:7
LH:7
BRDA:10,0,0,2
BRDA:10,0,1,2
BRF:2
BRH:2
end_of_record
TN:
SF:src/s3/s3.module.ts
FNF:0
FNH:0
DA:1,4
DA:2,4
DA:3,4
DA:10,4
LF:4
LH:4
BRF:0
BRH:0
end_of_record
TN:
SF:src/s3/s3.service.ts
FN:10,(anonymous_2)
FN:20,(anonymous_3)
FNF:2
FNH:2
FNDA:11,(anonymous_2)
FNDA:2,(anonymous_3)
DA:1,8
DA:2,8
DA:3,8
DA:4,8
DA:7,8
DA:8,11
DA:10,11
DA:11,11
DA:21,2
DA:23,2
DA:37,2
DA:40,1
LF:12
LH:12
BRF:0
BRH:0
end_of_record
TN:
SF:src/test-runner/test-runner.controller.spec.ts
FN:7,(anonymous_0)
FN:10,(anonymous_1)
FN:20,(anonymous_2)
FN:24,(anonymous_3)
FN:33,(anonymous_4)
FNF:5
FNH:0
FNDA:0,(anonymous_0)
FNDA:0,(anonymous_1)
FNDA:0,(anonymous_2)
FNDA:0,(anonymous_3)
FNDA:0,(anonymous_4)
DA:1,0
DA:2,0
DA:3,0
DA:5,0
DA:7,0
DA:10,0
DA:11,0
DA:13,0
DA:17,0
DA:20,0
DA:21,0
DA:24,0
DA:25,0
DA:26,0
DA:27,0
DA:28,0
DA:29,0
DA:30,0
DA:33,0
DA:34,0
DA:35,0
DA:37,0
DA:42,0
DA:43,0
DA:44,0
DA:45,0
DA:46,0
LF:27
LH:0
BRF:0
BRH:0
end_of_record
TN:
SF:src/test-runner/test-runner.controller.ts
FN:11,(anonymous_2)
FN:224,(anonymous_3)
FNF:2
FNH:0
FNDA:0,(anonymous_2)
FNDA:0,(anonymous_3)
DA:1,3
DA:2,3
DA:3,3
DA:5,3
DA:8,3
DA:11,3
DA:12,0
DA:224,3
DA:225,0
DA:226,0
DA:227,0
DA:229,0
LF:12
LH:7
BRDA:229,0,0,0
BRDA:229,0,1,0
BRDA:229,1,0,0
BRDA:229,1,1,0
BRF:4
BRH:0
end_of_record
TN:
SF:src/test-runner/test-runner.module.ts
FNF:0
FNH:0
DA:1,3
DA:2,3
DA:7,3
LF:3
LH:3
BRF:0
BRH:0
end_of_record
