{"/Users/thiagodecarvalho/Documents/IATEC/backend-test/src/app.controller.ts": {"path":"/Users/thiagodecarvalho/Documents/IATEC/backend-test/src/app.controller.ts","statementMap":{"0":{"start":{"line":1,"column":0},"end":{"line":1,"column":54}},"1":{"start":{"line":2,"column":0},"end":{"line":2,"column":43}},"2":{"start":{"line":6,"column":7},"end":{"line":13,"column":null}},"3":{"start":{"line":7,"column":14},"end":{"line":7,"column":56}},"4":{"start":{"line":11,"column":4},"end":{"line":11,"column":33}},"5":{"start":{"line":6,"column":13},"end":{"line":6,"column":26}},"6":{"start":{"line":10,"column":2},"end":{"line":12,"column":null}},"7":{"start":{"line":6,"column":13},"end":{"line":13,"column":null}}},"fnMap":{"0":{"name":"(anonymous_4)","decl":{"start":{"line":7,"column":2},"end":{"line":7,"column":14}},"loc":{"start":{"line":7,"column":53},"end":{"line":7,"column":57}}},"1":{"name":"(anonymous_5)","decl":{"start":{"line":10,"column":2},"end":{"line":10,"column":10}},"loc":{"start":{"line":10,"column":31},"end":{"line":12,"column":3}}}},"branchMap":{},"s":{"0":3,"1":3,"2":3,"3":7,"4":1,"5":3,"6":3,"7":3},"f":{"0":7,"1":1},"b":{}}
,"/Users/thiagodecarvalho/Documents/IATEC/backend-test/src/app.module.ts": {"path":"/Users/thiagodecarvalho/Documents/IATEC/backend-test/src/app.module.ts","statementMap":{"0":{"start":{"line":1,"column":0},"end":{"line":1,"column":40}},"1":{"start":{"line":2,"column":0},"end":{"line":2,"column":46}},"2":{"start":{"line":3,"column":0},"end":{"line":3,"column":50}},"3":{"start":{"line":4,"column":0},"end":{"line":4,"column":42}},"4":{"start":{"line":5,"column":0},"end":{"line":5,"column":49}},"5":{"start":{"line":6,"column":0},"end":{"line":6,"column":43}},"6":{"start":{"line":7,"column":0},"end":{"line":7,"column":63}},"7":{"start":{"line":8,"column":0},"end":{"line":8,"column":54}},"8":{"start":{"line":9,"column":0},"end":{"line":9,"column":42}},"9":{"start":{"line":10,"column":0},"end":{"line":10,"column":68}},"10":{"start":{"line":32,"column":7},"end":{"line":32,"column":null}},"11":{"start":{"line":32,"column":13},"end":{"line":32,"column":22}},"12":{"start":{"line":32,"column":13},"end":{"line":32,"column":null}}},"fnMap":{},"branchMap":{"0":{"loc":{"start":{"line":17,"column":27},"end":{"line":17,"column":95}},"type":"binary-expr","locations":[{"start":{"line":17,"column":27},"end":{"line":17,"column":51}},{"start":{"line":17,"column":55},"end":{"line":17,"column":95}}]},"1":{"loc":{"start":{"line":20,"column":14},"end":{"line":20,"column":51}},"type":"binary-expr","locations":[{"start":{"line":20,"column":14},"end":{"line":20,"column":36}},{"start":{"line":20,"column":40},"end":{"line":20,"column":51}}]},"2":{"loc":{"start":{"line":21,"column":23},"end":{"line":21,"column":55}},"type":"binary-expr","locations":[{"start":{"line":21,"column":23},"end":{"line":21,"column":45}},{"start":{"line":21,"column":49},"end":{"line":21,"column":55}}]}},"s":{"0":2,"1":2,"2":2,"3":2,"4":2,"5":2,"6":2,"7":2,"8":2,"9":2,"10":2,"11":2,"12":2},"f":{},"b":{"0":[2,0],"1":[2,0],"2":[2,0]}}
,"/Users/thiagodecarvalho/Documents/IATEC/backend-test/src/app.service.ts": {"path":"/Users/thiagodecarvalho/Documents/IATEC/backend-test/src/app.service.ts","statementMap":{"0":{"start":{"line":1,"column":0},"end":{"line":1,"column":44}},"1":{"start":{"line":4,"column":7},"end":{"line":8,"column":null}},"2":{"start":{"line":6,"column":4},"end":{"line":6,"column":26}},"3":{"start":{"line":4,"column":13},"end":{"line":4,"column":23}},"4":{"start":{"line":4,"column":13},"end":{"line":8,"column":null}}},"fnMap":{"0":{"name":"(anonymous_1)","decl":{"start":{"line":5,"column":2},"end":{"line":5,"column":10}},"loc":{"start":{"line":5,"column":10},"end":{"line":7,"column":3}}}},"branchMap":{},"s":{"0":4,"1":4,"2":3,"3":4,"4":4},"f":{"0":3},"b":{}}
,"/Users/thiagodecarvalho/Documents/IATEC/backend-test/src/main.ts": {"path":"/Users/thiagodecarvalho/Documents/IATEC/backend-test/src/main.ts","statementMap":{"0":{"start":{"line":55,"column":9},"end":{"line":55,"column":18}},"1":{"start":{"line":1,"column":0},"end":{"line":1,"column":43}},"2":{"start":{"line":2,"column":0},"end":{"line":2,"column":41}},"3":{"start":{"line":3,"column":0},"end":{"line":3,"column":48}},"4":{"start":{"line":4,"column":0},"end":{"line":4,"column":77}},"5":{"start":{"line":5,"column":0},"end":{"line":5,"column":65}},"6":{"start":{"line":8,"column":14},"end":{"line":8,"column":49}},"7":{"start":{"line":11,"column":2},"end":{"line":15,"column":6}},"8":{"start":{"line":17,"column":2},"end":{"line":17,"column":50}},"9":{"start":{"line":20,"column":2},"end":{"line":20,"column":19}},"10":{"start":{"line":23,"column":17},"end":{"line":30,"column":12}},"11":{"start":{"line":32,"column":19},"end":{"line":32,"column":60}},"12":{"start":{"line":33,"column":2},"end":{"line":33,"column":44}},"13":{"start":{"line":35,"column":15},"end":{"line":35,"column":39}},"14":{"start":{"line":36,"column":2},"end":{"line":36,"column":25}},"15":{"start":{"line":38,"column":2},"end":{"line":51,"column":5}},"16":{"start":{"line":57,"column":0},"end":{"line":57,"column":12}}},"fnMap":{"0":{"name":"bootstrap","decl":{"start":{"line":7,"column":15},"end":{"line":7,"column":24}},"loc":{"start":{"line":7,"column":24},"end":{"line":52,"column":1}}}},"branchMap":{"0":{"loc":{"start":{"line":35,"column":15},"end":{"line":35,"column":39}},"type":"binary-expr","locations":[{"start":{"line":35,"column":15},"end":{"line":35,"column":31}},{"start":{"line":35,"column":35},"end":{"line":35,"column":39}}]}},"s":{"0":1,"1":1,"2":1,"3":1,"4":1,"5":1,"6":1,"7":0,"8":0,"9":0,"10":0,"11":0,"12":0,"13":0,"14":0,"15":0,"16":1},"f":{"0":1},"b":{"0":[0,0]}}
,"/Users/thiagodecarvalho/Documents/IATEC/backend-test/src/common/filters/all-exceptions.filter.ts": {"path":"/Users/thiagodecarvalho/Documents/IATEC/backend-test/src/common/filters/all-exceptions.filter.ts","statementMap":{"0":{"start":{"line":1,"column":0},"end":{"line":1,"column":98}},"1":{"start":{"line":5,"column":7},"end":{"line":28,"column":null}},"2":{"start":{"line":7,"column":16},"end":{"line":7,"column":35}},"3":{"start":{"line":8,"column":21},"end":{"line":8,"column":48}},"4":{"start":{"line":10,"column":17},"end":{"line":10,"column":49}},"5":{"start":{"line":11,"column":18},"end":{"line":11,"column":41}},"6":{"start":{"line":13,"column":4},"end":{"line":20,"column":5}},"7":{"start":{"line":14,"column":6},"end":{"line":14,"column":37}},"8":{"start":{"line":15,"column":6},"end":{"line":15,"column":34}},"9":{"start":{"line":16,"column":11},"end":{"line":20,"column":5}},"10":{"start":{"line":17,"column":6},"end":{"line":17,"column":34}},"11":{"start":{"line":18,"column":11},"end":{"line":20,"column":5}},"12":{"start":{"line":19,"column":6},"end":{"line":19,"column":43}},"13":{"start":{"line":22,"column":4},"end":{"line":26,"column":7}},"14":{"start":{"line":5,"column":13},"end":{"line":5,"column":32}},"15":{"start":{"line":5,"column":13},"end":{"line":28,"column":null}}},"fnMap":{"0":{"name":"(anonymous_1)","decl":{"start":{"line":6,"column":2},"end":{"line":6,"column":7}},"loc":{"start":{"line":6,"column":47},"end":{"line":27,"column":3}}}},"branchMap":{"0":{"loc":{"start":{"line":13,"column":4},"end":{"line":20,"column":5}},"type":"if","locations":[{"start":{"line":13,"column":4},"end":{"line":20,"column":5}},{"start":{"line":16,"column":11},"end":{"line":20,"column":5}}]},"1":{"loc":{"start":{"line":16,"column":11},"end":{"line":20,"column":5}},"type":"if","locations":[{"start":{"line":16,"column":11},"end":{"line":20,"column":5}},{"start":{"line":18,"column":11},"end":{"line":20,"column":5}}]},"2":{"loc":{"start":{"line":18,"column":11},"end":{"line":20,"column":5}},"type":"if","locations":[{"start":{"line":18,"column":11},"end":{"line":20,"column":5}},{"start":{},"end":{}}]},"3":{"loc":{"start":{"line":18,"column":15},"end":{"line":18,"column":83}},"type":"binary-expr","locations":[{"start":{"line":18,"column":15},"end":{"line":18,"column":24}},{"start":{"line":18,"column":28},"end":{"line":18,"column":57}},{"start":{"line":18,"column":61},"end":{"line":18,"column":83}}]}},"s":{"0":2,"1":2,"2":5,"3":5,"4":5,"5":5,"6":5,"7":1,"8":1,"9":4,"10":2,"11":2,"12":1,"13":5,"14":2,"15":2},"f":{"0":5},"b":{"0":[1,4],"1":[2,2],"2":[1,1],"3":[2,2,1]}}
,"/Users/thiagodecarvalho/Documents/IATEC/backend-test/src/customers/customers.controller.ts": {"path":"/Users/thiagodecarvalho/Documents/IATEC/backend-test/src/customers/customers.controller.ts","statementMap":{"0":{"start":{"line":1,"column":0},"end":{"line":1,"column":109}},"1":{"start":{"line":2,"column":0},"end":{"line":2,"column":55}},"2":{"start":{"line":3,"column":0},"end":{"line":3,"column":62}},"3":{"start":{"line":4,"column":0},"end":{"line":4,"column":62}},"4":{"start":{"line":8,"column":7},"end":{"line":35,"column":null}},"5":{"start":{"line":9,"column":14},"end":{"line":9,"column":68}},"6":{"start":{"line":13,"column":4},"end":{"line":13,"column":59}},"7":{"start":{"line":18,"column":4},"end":{"line":18,"column":43}},"8":{"start":{"line":23,"column":4},"end":{"line":23,"column":45}},"9":{"start":{"line":28,"column":4},"end":{"line":28,"column":63}},"10":{"start":{"line":33,"column":4},"end":{"line":33,"column":44}},"11":{"start":{"line":8,"column":13},"end":{"line":8,"column":32}},"12":{"start":{"line":12,"column":2},"end":{"line":14,"column":null}},"13":{"start":{"line":17,"column":2},"end":{"line":19,"column":null}},"14":{"start":{"line":22,"column":2},"end":{"line":24,"column":null}},"15":{"start":{"line":27,"column":2},"end":{"line":29,"column":null}},"16":{"start":{"line":32,"column":2},"end":{"line":34,"column":null}},"17":{"start":{"line":8,"column":13},"end":{"line":35,"column":null}}},"fnMap":{"0":{"name":"(anonymous_4)","decl":{"start":{"line":9,"column":2},"end":{"line":9,"column":14}},"loc":{"start":{"line":9,"column":65},"end":{"line":9,"column":69}}},"1":{"name":"(anonymous_5)","decl":{"start":{"line":12,"column":2},"end":{"line":12,"column":8}},"loc":{"start":{"line":12,"column":53},"end":{"line":14,"column":3}}},"2":{"name":"(anonymous_6)","decl":{"start":{"line":17,"column":2},"end":{"line":17,"column":9}},"loc":{"start":{"line":17,"column":9},"end":{"line":19,"column":3}}},"3":{"name":"(anonymous_7)","decl":{"start":{"line":22,"column":2},"end":{"line":22,"column":9}},"loc":{"start":{"line":22,"column":33},"end":{"line":24,"column":3}}},"4":{"name":"(anonymous_8)","decl":{"start":{"line":27,"column":2},"end":{"line":27,"column":8}},"loc":{"start":{"line":27,"column":78},"end":{"line":29,"column":3}}},"5":{"name":"(anonymous_9)","decl":{"start":{"line":32,"column":2},"end":{"line":32,"column":8}},"loc":{"start":{"line":32,"column":32},"end":{"line":34,"column":3}}}},"branchMap":{},"s":{"0":4,"1":4,"2":4,"3":4,"4":4,"5":11,"6":1,"7":1,"8":1,"9":1,"10":1,"11":4,"12":4,"13":4,"14":4,"15":4,"16":4,"17":4},"f":{"0":11,"1":1,"2":1,"3":1,"4":1,"5":1},"b":{}}
,"/Users/thiagodecarvalho/Documents/IATEC/backend-test/src/customers/customers.module.ts": {"path":"/Users/thiagodecarvalho/Documents/IATEC/backend-test/src/customers/customers.module.ts","statementMap":{"0":{"start":{"line":1,"column":0},"end":{"line":1,"column":40}},"1":{"start":{"line":2,"column":0},"end":{"line":2,"column":50}},"2":{"start":{"line":3,"column":0},"end":{"line":3,"column":69}},"3":{"start":{"line":4,"column":0},"end":{"line":4,"column":55}},"4":{"start":{"line":5,"column":0},"end":{"line":5,"column":61}},"5":{"start":{"line":12,"column":7},"end":{"line":12,"column":null}},"6":{"start":{"line":12,"column":13},"end":{"line":12,"column":28}},"7":{"start":{"line":12,"column":13},"end":{"line":12,"column":null}}},"fnMap":{},"branchMap":{},"s":{"0":3,"1":3,"2":3,"3":3,"4":3,"5":3,"6":3,"7":3},"f":{},"b":{}}
,"/Users/thiagodecarvalho/Documents/IATEC/backend-test/src/customers/customers.service.ts": {"path":"/Users/thiagodecarvalho/Documents/IATEC/backend-test/src/customers/customers.service.ts","statementMap":{"0":{"start":{"line":1,"column":0},"end":{"line":1,"column":44}},"1":{"start":{"line":2,"column":0},"end":{"line":2,"column":47}},"2":{"start":{"line":3,"column":0},"end":{"line":3,"column":33}},"3":{"start":{"line":4,"column":0},"end":{"line":4,"column":71}},"4":{"start":{"line":9,"column":7},"end":{"line":33,"column":null}},"5":{"start":{"line":11,"column":4},"end":{"line":11,"column":null}},"6":{"start":{"line":15,"column":4},"end":{"line":15,"column":56}},"7":{"start":{"line":19,"column":4},"end":{"line":19,"column":44}},"8":{"start":{"line":23,"column":4},"end":{"line":23,"column":50}},"9":{"start":{"line":27,"column":4},"end":{"line":27,"column":93}},"10":{"start":{"line":31,"column":4},"end":{"line":31,"column":59}},"11":{"start":{"line":9,"column":13},"end":{"line":9,"column":29}},"12":{"start":{"line":9,"column":13},"end":{"line":33,"column":null}}},"fnMap":{"0":{"name":"(anonymous_4)","decl":{"start":{"line":10,"column":2},"end":{"line":10,"column":null}},"loc":{"start":{"line":11,"column":78},"end":{"line":12,"column":6}}},"1":{"name":"(anonymous_5)","decl":{"start":{"line":14,"column":2},"end":{"line":14,"column":7}},"loc":{"start":{"line":14,"column":51},"end":{"line":16,"column":3}}},"2":{"name":"(anonymous_6)","decl":{"start":{"line":18,"column":2},"end":{"line":18,"column":7}},"loc":{"start":{"line":18,"column":15},"end":{"line":20,"column":3}}},"3":{"name":"(anonymous_7)","decl":{"start":{"line":22,"column":2},"end":{"line":22,"column":7}},"loc":{"start":{"line":22,"column":26},"end":{"line":24,"column":3}}},"4":{"name":"(anonymous_8)","decl":{"start":{"line":26,"column":2},"end":{"line":26,"column":7}},"loc":{"start":{"line":26,"column":63},"end":{"line":28,"column":3}}},"5":{"name":"(anonymous_9)","decl":{"start":{"line":30,"column":2},"end":{"line":30,"column":7}},"loc":{"start":{"line":30,"column":25},"end":{"line":32,"column":3}}}},"branchMap":{},"s":{"0":5,"1":5,"2":5,"3":5,"4":5,"5":11,"6":1,"7":1,"8":1,"9":1,"10":1,"11":5,"12":5},"f":{"0":11,"1":1,"2":1,"3":1,"4":1,"5":1},"b":{}}
,"/Users/thiagodecarvalho/Documents/IATEC/backend-test/src/customers/dto/create-customer.dto.ts": {"path":"/Users/thiagodecarvalho/Documents/IATEC/backend-test/src/customers/dto/create-customer.dto.ts","statementMap":{"0":{"start":{"line":1,"column":0},"end":{"line":1,"column":64}},"1":{"start":{"line":2,"column":0},"end":{"line":2,"column":46}},"2":{"start":{"line":8,"column":2},"end":{"line":8,"column":null}},"3":{"start":{"line":13,"column":2},"end":{"line":13,"column":null}},"4":{"start":{"line":18,"column":2},"end":{"line":18,"column":null}},"5":{"start":{"line":4,"column":0},"end":{"line":4,"column":13}}},"fnMap":{"0":{"name":"(anonymous_2)","decl":{"start":{"line":4,"column":0},"end":{"line":4,"column":13}},"loc":{"start":{"line":4,"column":0},"end":{"line":19,"column":1}}}},"branchMap":{},"s":{"0":4,"1":4,"2":4,"3":4,"4":4,"5":4},"f":{"0":0},"b":{}}
,"/Users/thiagodecarvalho/Documents/IATEC/backend-test/src/customers/dto/update-customer.dto.ts": {"path":"/Users/thiagodecarvalho/Documents/IATEC/backend-test/src/customers/dto/update-customer.dto.ts","statementMap":{"0":{"start":{"line":1,"column":0},"end":{"line":1,"column":51}},"1":{"start":{"line":2,"column":0},"end":{"line":2,"column":58}},"2":{"start":{"line":4,"column":0},"end":{"line":4,"column":13}}},"fnMap":{},"branchMap":{},"s":{"0":4,"1":4,"2":4},"f":{},"b":{}}
,"/Users/thiagodecarvalho/Documents/IATEC/backend-test/src/customers/schemas/customer.schema.ts": {"path":"/Users/thiagodecarvalho/Documents/IATEC/backend-test/src/customers/schemas/customer.schema.ts","statementMap":{"0":{"start":{"line":1,"column":0},"end":{"line":1,"column":63}},"1":{"start":{"line":7,"column":7},"end":{"line":19,"column":null}},"2":{"start":{"line":9,"column":2},"end":{"line":9,"column":null}},"3":{"start":{"line":12,"column":2},"end":{"line":12,"column":null}},"4":{"start":{"line":15,"column":2},"end":{"line":15,"column":null}},"5":{"start":{"line":18,"column":2},"end":{"line":18,"column":null}},"6":{"start":{"line":7,"column":13},"end":{"line":7,"column":21}},"7":{"start":{"line":7,"column":13},"end":{"line":19,"column":null}},"8":{"start":{"line":21,"column":13},"end":{"line":21,"column":69}}},"fnMap":{"0":{"name":"(anonymous_2)","decl":{"start":{"line":7,"column":7},"end":{"line":7,"column":13}},"loc":{"start":{"line":7,"column":7},"end":{"line":19,"column":1}}}},"branchMap":{},"s":{"0":9,"1":9,"2":9,"3":9,"4":9,"5":9,"6":9,"7":9,"8":9},"f":{"0":0},"b":{}}
,"/Users/thiagodecarvalho/Documents/IATEC/backend-test/src/orders/notificacao.processor.ts": {"path":"/Users/thiagodecarvalho/Documents/IATEC/backend-test/src/orders/notificacao.processor.ts","statementMap":{"0":{"start":{"line":1,"column":0},"end":{"line":1,"column":64}},"1":{"start":{"line":2,"column":0},"end":{"line":2,"column":52}},"2":{"start":{"line":7,"column":33},"end":{"line":27,"column":null}},"3":{"start":{"line":8,"column":19},"end":{"line":8,"column":null}},"4":{"start":{"line":12,"column":4},"end":{"line":12,"column":81}},"5":{"start":{"line":14,"column":4},"end":{"line":14,"column":104}},"6":{"start":{"line":15,"column":4},"end":{"line":15,"column":29}},"7":{"start":{"line":20,"column":4},"end":{"line":20,"column":43}},"8":{"start":{"line":25,"column":4},"end":{"line":25,"column":56}},"9":{"start":{"line":7,"column":13},"end":{"line":7,"column":33}},"10":{"start":{"line":11,"column":8},"end":{"line":16,"column":null}},"11":{"start":{"line":19,"column":2},"end":{"line":21,"column":null}},"12":{"start":{"line":24,"column":2},"end":{"line":26,"column":null}},"13":{"start":{"line":7,"column":13},"end":{"line":27,"column":null}}},"fnMap":{"0":{"name":"(anonymous_2)","decl":{"start":{"line":7,"column":7},"end":{"line":7,"column":13}},"loc":{"start":{"line":7,"column":7},"end":{"line":27,"column":1}}},"1":{"name":"(anonymous_3)","decl":{"start":{"line":11,"column":8},"end":{"line":11,"column":25}},"loc":{"start":{"line":11,"column":39},"end":{"line":16,"column":3}}},"2":{"name":"(anonymous_4)","decl":{"start":{"line":19,"column":2},"end":{"line":19,"column":13}},"loc":{"start":{"line":19,"column":22},"end":{"line":21,"column":3}}},"3":{"name":"(anonymous_5)","decl":{"start":{"line":24,"column":2},"end":{"line":24,"column":10}},"loc":{"start":{"line":24,"column":29},"end":{"line":26,"column":3}}}},"branchMap":{},"s":{"0":4,"1":4,"2":4,"3":11,"4":1,"5":1,"6":1,"7":1,"8":1,"9":4,"10":4,"11":4,"12":4,"13":4},"f":{"0":11,"1":1,"2":1,"3":1},"b":{}}
,"/Users/thiagodecarvalho/Documents/IATEC/backend-test/src/orders/orders.controller.ts": {"path":"/Users/thiagodecarvalho/Documents/IATEC/backend-test/src/orders/orders.controller.ts","statementMap":{"0":{"start":{"line":1,"column":0},"end":{"line":1,"column":147}},"1":{"start":{"line":2,"column":0},"end":{"line":2,"column":59}},"2":{"start":{"line":3,"column":0},"end":{"line":3,"column":49}},"3":{"start":{"line":4,"column":0},"end":{"line":4,"column":56}},"4":{"start":{"line":5,"column":0},"end":{"line":5,"column":56}},"5":{"start":{"line":9,"column":7},"end":{"line":72,"column":null}},"6":{"start":{"line":10,"column":14},"end":{"line":10,"column":62}},"7":{"start":{"line":14,"column":4},"end":{"line":14,"column":53}},"8":{"start":{"line":19,"column":4},"end":{"line":42,"column":5}},"9":{"start":{"line":20,"column":19},"end":{"line":20,"column":61}},"10":{"start":{"line":21,"column":6},"end":{"line":29,"column":8}},"11":{"start":{"line":31,"column":6},"end":{"line":41,"column":8}},"12":{"start":{"line":47,"column":20},"end":{"line":47,"column":57}},"13":{"start":{"line":48,"column":21},"end":{"line":48,"column":60}},"14":{"start":{"line":49,"column":4},"end":{"line":49,"column":57}},"15":{"start":{"line":54,"column":4},"end":{"line":54,"column":42}},"16":{"start":{"line":59,"column":4},"end":{"line":59,"column":57}},"17":{"start":{"line":64,"column":4},"end":{"line":64,"column":41}},"18":{"start":{"line":70,"column":4},"end":{"line":70,"column":58}},"19":{"start":{"line":9,"column":13},"end":{"line":9,"column":29}},"20":{"start":{"line":13,"column":2},"end":{"line":15,"column":null}},"21":{"start":{"line":18,"column":8},"end":{"line":43,"column":null}},"22":{"start":{"line":46,"column":2},"end":{"line":50,"column":null}},"23":{"start":{"line":53,"column":2},"end":{"line":55,"column":null}},"24":{"start":{"line":58,"column":2},"end":{"line":60,"column":null}},"25":{"start":{"line":63,"column":2},"end":{"line":65,"column":null}},"26":{"start":{"line":69,"column":2},"end":{"line":71,"column":null}},"27":{"start":{"line":9,"column":13},"end":{"line":72,"column":null}}},"fnMap":{"0":{"name":"(anonymous_4)","decl":{"start":{"line":10,"column":2},"end":{"line":10,"column":14}},"loc":{"start":{"line":10,"column":59},"end":{"line":10,"column":63}}},"1":{"name":"(anonymous_5)","decl":{"start":{"line":13,"column":2},"end":{"line":13,"column":8}},"loc":{"start":{"line":13,"column":47},"end":{"line":15,"column":3}}},"2":{"name":"(anonymous_6)","decl":{"start":{"line":18,"column":8},"end":{"line":18,"column":23}},"loc":{"start":{"line":18,"column":23},"end":{"line":43,"column":3}}},"3":{"name":"(anonymous_7)","decl":{"start":{"line":46,"column":2},"end":{"line":46,"column":9}},"loc":{"start":{"line":46,"column":70},"end":{"line":50,"column":3}}},"4":{"name":"(anonymous_8)","decl":{"start":{"line":53,"column":2},"end":{"line":53,"column":9}},"loc":{"start":{"line":53,"column":33},"end":{"line":55,"column":3}}},"5":{"name":"(anonymous_9)","decl":{"start":{"line":58,"column":2},"end":{"line":58,"column":8}},"loc":{"start":{"line":58,"column":72},"end":{"line":60,"column":3}}},"6":{"name":"(anonymous_10)","decl":{"start":{"line":63,"column":2},"end":{"line":63,"column":8}},"loc":{"start":{"line":63,"column":32},"end":{"line":65,"column":3}}},"7":{"name":"(anonymous_11)","decl":{"start":{"line":69,"column":2},"end":{"line":69,"column":19}},"loc":{"start":{"line":69,"column":86},"end":{"line":71,"column":3}}}},"branchMap":{"0":{"loc":{"start":{"line":47,"column":20},"end":{"line":47,"column":57}},"type":"cond-expr","locations":[{"start":{"line":47,"column":27},"end":{"line":47,"column":45}},{"start":{"line":47,"column":48},"end":{"line":47,"column":57}}]},"1":{"loc":{"start":{"line":48,"column":21},"end":{"line":48,"column":60}},"type":"cond-expr","locations":[{"start":{"line":48,"column":29},"end":{"line":48,"column":48}},{"start":{"line":48,"column":51},"end":{"line":48,"column":60}}]}},"s":{"0":4,"1":4,"2":4,"3":4,"4":4,"5":4,"6":15,"7":1,"8":2,"9":2,"10":1,"11":1,"12":2,"13":2,"14":2,"15":1,"16":1,"17":1,"18":1,"19":4,"20":4,"21":4,"22":4,"23":4,"24":4,"25":4,"26":4,"27":4},"f":{"0":15,"1":1,"2":2,"3":2,"4":1,"5":1,"6":1,"7":1},"b":{"0":[1,1],"1":[1,1]}}
,"/Users/thiagodecarvalho/Documents/IATEC/backend-test/src/orders/orders.module.ts": {"path":"/Users/thiagodecarvalho/Documents/IATEC/backend-test/src/orders/orders.module.ts","statementMap":{"0":{"start":{"line":1,"column":0},"end":{"line":1,"column":40}},"1":{"start":{"line":2,"column":0},"end":{"line":2,"column":50}},"2":{"start":{"line":3,"column":0},"end":{"line":3,"column":43}},"3":{"start":{"line":4,"column":0},"end":{"line":4,"column":42}},"4":{"start":{"line":5,"column":0},"end":{"line":5,"column":60}},"5":{"start":{"line":6,"column":0},"end":{"line":6,"column":80}},"6":{"start":{"line":7,"column":0},"end":{"line":7,"column":49}},"7":{"start":{"line":8,"column":0},"end":{"line":8,"column":55}},"8":{"start":{"line":9,"column":0},"end":{"line":9,"column":66}},"9":{"start":{"line":10,"column":0},"end":{"line":10,"column":43}},"10":{"start":{"line":11,"column":0},"end":{"line":11,"column":63}},"11":{"start":{"line":28,"column":7},"end":{"line":28,"column":null}},"12":{"start":{"line":28,"column":13},"end":{"line":28,"column":25}},"13":{"start":{"line":28,"column":13},"end":{"line":28,"column":null}}},"fnMap":{},"branchMap":{},"s":{"0":3,"1":3,"2":3,"3":3,"4":3,"5":3,"6":3,"7":3,"8":3,"9":3,"10":3,"11":3,"12":3,"13":3},"f":{},"b":{}}
,"/Users/thiagodecarvalho/Documents/IATEC/backend-test/src/orders/orders.service.ts": {"path":"/Users/thiagodecarvalho/Documents/IATEC/backend-test/src/orders/orders.service.ts","statementMap":{"0":{"start":{"line":1,"column":0},"end":{"line":1,"column":44}},"1":{"start":{"line":2,"column":0},"end":{"line":2,"column":47}},"2":{"start":{"line":3,"column":0},"end":{"line":3,"column":43}},"3":{"start":{"line":5,"column":0},"end":{"line":5,"column":33}},"4":{"start":{"line":6,"column":0},"end":{"line":6,"column":44}},"5":{"start":{"line":7,"column":0},"end":{"line":7,"column":38}},"6":{"start":{"line":8,"column":0},"end":{"line":8,"column":62}},"7":{"start":{"line":11,"column":0},"end":{"line":11,"column":45}},"8":{"start":{"line":12,"column":0},"end":{"line":12,"column":82}},"9":{"start":{"line":15,"column":7},"end":{"line":149,"column":null}},"10":{"start":{"line":17,"column":4},"end":{"line":17,"column":null}},"11":{"start":{"line":18,"column":4},"end":{"line":18,"column":null}},"12":{"start":{"line":19,"column":4},"end":{"line":19,"column":null}},"13":{"start":{"line":20,"column":4},"end":{"line":20,"column":null}},"14":{"start":{"line":21,"column":4},"end":{"line":21,"column":null}},"15":{"start":{"line":25,"column":4},"end":{"line":54,"column":5}},"16":{"start":{"line":26,"column":23},"end":{"line":29,"column":null}},"17":{"start":{"line":33,"column":6},"end":{"line":35,"column":7}},"18":{"start":{"line":34,"column":8},"end":{"line":34,"column":55}},"19":{"start":{"line":37,"column":19},"end":{"line":37,"column":55}},"20":{"start":{"line":39,"column":6},"end":{"line":41,"column":7}},"21":{"start":{"line":40,"column":8},"end":{"line":40,"column":55}},"22":{"start":{"line":43,"column":6},"end":{"line":43,"column":81}},"23":{"start":{"line":45,"column":6},"end":{"line":45,"column":18}},"24":{"start":{"line":47,"column":6},"end":{"line":47,"column":71}},"25":{"start":{"line":50,"column":27},"end":{"line":50,"column":31}},"26":{"start":{"line":51,"column":6},"end":{"line":51,"column":93}},"27":{"start":{"line":53,"column":6},"end":{"line":53,"column":26}},"28":{"start":{"line":58,"column":21},"end":{"line":58,"column":88}},"29":{"start":{"line":59,"column":4},"end":{"line":61,"column":5}},"30":{"start":{"line":60,"column":6},"end":{"line":60,"column":44}},"31":{"start":{"line":63,"column":17},"end":{"line":63,"column":45}},"32":{"start":{"line":64,"column":26},"end":{"line":66,"column":null}},"33":{"start":{"line":65,"column":23},"end":{"line":65,"column":68}},"34":{"start":{"line":68,"column":26},"end":{"line":68,"column":46}},"35":{"start":{"line":70,"column":19},"end":{"line":74,"column":null}},"36":{"start":{"line":77,"column":23},"end":{"line":77,"column":62}},"37":{"start":{"line":79,"column":4},"end":{"line":83,"column":7}},"38":{"start":{"line":85,"column":4},"end":{"line":85,"column":130}},"39":{"start":{"line":87,"column":4},"end":{"line":87,"column":22}},"40":{"start":{"line":91,"column":18},"end":{"line":91,"column":40}},"41":{"start":{"line":92,"column":4},"end":{"line":94,"column":5}},"42":{"start":{"line":93,"column":6},"end":{"line":93,"column":50}},"43":{"start":{"line":95,"column":4},"end":{"line":95,"column":24}},"44":{"start":{"line":99,"column":4},"end":{"line":99,"column":47}},"45":{"start":{"line":103,"column":4},"end":{"line":103,"column":87}},"46":{"start":{"line":107,"column":4},"end":{"line":107,"column":56}},"47":{"start":{"line":111,"column":4},"end":{"line":141,"column":14}},"48":{"start":{"line":145,"column":16},"end":{"line":145,"column":70}},"49":{"start":{"line":146,"column":16},"end":{"line":146,"column":58}},"50":{"start":{"line":147,"column":4},"end":{"line":147,"column":96}},"51":{"start":{"line":15,"column":13},"end":{"line":15,"column":26}},"52":{"start":{"line":15,"column":13},"end":{"line":149,"column":null}}},"fnMap":{"0":{"name":"(anonymous_4)","decl":{"start":{"line":16,"column":2},"end":{"line":16,"column":null}},"loc":{"start":{"line":21,"column":41},"end":{"line":22,"column":6}}},"1":{"name":"(anonymous_5)","decl":{"start":{"line":24,"column":2},"end":{"line":24,"column":7}},"loc":{"start":{"line":24,"column":23},"end":{"line":55,"column":3}}},"2":{"name":"(anonymous_6)","decl":{"start":{"line":57,"column":2},"end":{"line":57,"column":7}},"loc":{"start":{"line":57,"column":45},"end":{"line":88,"column":3}}},"3":{"name":"(anonymous_7)","decl":{"start":{"line":65,"column":6},"end":{"line":65,"column":7}},"loc":{"start":{"line":65,"column":23},"end":{"line":65,"column":68}}},"4":{"name":"(anonymous_8)","decl":{"start":{"line":90,"column":2},"end":{"line":90,"column":7}},"loc":{"start":{"line":90,"column":45},"end":{"line":96,"column":3}}},"5":{"name":"(anonymous_9)","decl":{"start":{"line":98,"column":2},"end":{"line":98,"column":7}},"loc":{"start":{"line":98,"column":26},"end":{"line":100,"column":3}}},"6":{"name":"(anonymous_10)","decl":{"start":{"line":102,"column":2},"end":{"line":102,"column":7}},"loc":{"start":{"line":102,"column":57},"end":{"line":104,"column":3}}},"7":{"name":"(anonymous_11)","decl":{"start":{"line":106,"column":2},"end":{"line":106,"column":7}},"loc":{"start":{"line":106,"column":25},"end":{"line":108,"column":3}}},"8":{"name":"(anonymous_12)","decl":{"start":{"line":110,"column":2},"end":{"line":110,"column":7}},"loc":{"start":{"line":110,"column":42},"end":{"line":142,"column":3}}},"9":{"name":"(anonymous_13)","decl":{"start":{"line":144,"column":2},"end":{"line":144,"column":7}},"loc":{"start":{"line":144,"column":63},"end":{"line":148,"column":3}}}},"branchMap":{"0":{"loc":{"start":{"line":33,"column":6},"end":{"line":35,"column":7}},"type":"if","locations":[{"start":{"line":33,"column":6},"end":{"line":35,"column":7}},{"start":{},"end":{}}]},"1":{"loc":{"start":{"line":33,"column":10},"end":{"line":33,"column":49}},"type":"binary-expr","locations":[{"start":{"line":33,"column":10},"end":{"line":33,"column":24}},{"start":{"line":33,"column":28},"end":{"line":33,"column":49}}]},"2":{"loc":{"start":{"line":39,"column":6},"end":{"line":41,"column":7}},"type":"if","locations":[{"start":{"line":39,"column":6},"end":{"line":41,"column":7}},{"start":{},"end":{}}]},"3":{"loc":{"start":{"line":39,"column":10},"end":{"line":39,"column":34}},"type":"binary-expr","locations":[{"start":{"line":39,"column":10},"end":{"line":39,"column":21}},{"start":{"line":39,"column":25},"end":{"line":39,"column":34}}]},"4":{"loc":{"start":{"line":59,"column":4},"end":{"line":61,"column":5}},"type":"if","locations":[{"start":{"line":59,"column":4},"end":{"line":61,"column":5}},{"start":{},"end":{}}]},"5":{"loc":{"start":{"line":92,"column":4},"end":{"line":94,"column":5}},"type":"if","locations":[{"start":{"line":92,"column":4},"end":{"line":94,"column":5}},{"start":{},"end":{}}]},"6":{"loc":{"start":{"line":92,"column":8},"end":{"line":92,"column":21}},"type":"binary-expr","locations":[{"start":{"line":92,"column":8},"end":{"line":92,"column":12}},{"start":{"line":92,"column":16},"end":{"line":92,"column":21}}]},"7":{"loc":{"start":{"line":110,"column":24},"end":{"line":110,"column":42}},"type":"default-arg","locations":[{"start":{"line":110,"column":40},"end":{"line":110,"column":42}}]}},"s":{"0":6,"1":6,"2":6,"3":6,"4":6,"5":6,"6":6,"7":6,"8":6,"9":6,"10":19,"11":19,"12":19,"13":19,"14":19,"15":5,"16":5,"17":4,"18":1,"19":3,"20":3,"21":1,"22":2,"23":2,"24":3,"25":3,"26":3,"27":3,"28":2,"29":2,"30":1,"31":1,"32":1,"33":1,"34":1,"35":1,"36":1,"37":1,"38":1,"39":1,"40":2,"41":2,"42":1,"43":2,"44":1,"45":1,"46":1,"47":1,"48":1,"49":1,"50":1,"51":6,"52":6},"f":{"0":19,"1":5,"2":2,"3":1,"4":2,"5":1,"6":1,"7":1,"8":1,"9":1},"b":{"0":[1,3],"1":[4,4],"2":[1,2],"3":[3,2],"4":[1,1],"5":[1,1],"6":[2,1],"7":[0]}}
,"/Users/thiagodecarvalho/Documents/IATEC/backend-test/src/orders/dto/create-order.dto.ts": {"path":"/Users/thiagodecarvalho/Documents/IATEC/backend-test/src/orders/dto/create-order.dto.ts","statementMap":{"0":{"start":{"line":1,"column":0},"end":{"line":1,"column":41}},"1":{"start":{"line":2,"column":0},"end":{"line":2,"column":104}},"2":{"start":{"line":3,"column":0},"end":{"line":3,"column":46}},"3":{"start":{"line":9,"column":2},"end":{"line":9,"column":null}},"4":{"start":{"line":14,"column":2},"end":{"line":14,"column":null}},"5":{"start":{"line":19,"column":2},"end":{"line":19,"column":null}},"6":{"start":{"line":26,"column":2},"end":{"line":26,"column":null}},"7":{"start":{"line":31,"column":2},"end":{"line":31,"column":null}},"8":{"start":{"line":37,"column":2},"end":{"line":37,"column":null}},"9":{"start":{"line":22,"column":0},"end":{"line":22,"column":13}},"10":{"start":{"line":36,"column":14},"end":{"line":36,"column":32}}},"fnMap":{"0":{"name":"(anonymous_2)","decl":{"start":{"line":5,"column":0},"end":{"line":5,"column":6}},"loc":{"start":{"line":5,"column":0},"end":{"line":20,"column":1}}},"1":{"name":"(anonymous_3)","decl":{"start":{"line":22,"column":0},"end":{"line":22,"column":13}},"loc":{"start":{"line":22,"column":0},"end":{"line":38,"column":1}}},"2":{"name":"(anonymous_4)","decl":{"start":{"line":36,"column":8},"end":{"line":36,"column":11}},"loc":{"start":{"line":36,"column":14},"end":{"line":36,"column":32}}}},"branchMap":{},"s":{"0":5,"1":5,"2":5,"3":5,"4":5,"5":5,"6":10,"7":10,"8":10,"9":5,"10":0},"f":{"0":0,"1":5,"2":0},"b":{}}
,"/Users/thiagodecarvalho/Documents/IATEC/backend-test/src/orders/dto/update-order.dto.ts": {"path":"/Users/thiagodecarvalho/Documents/IATEC/backend-test/src/orders/dto/update-order.dto.ts","statementMap":{"0":{"start":{"line":1,"column":0},"end":{"line":1,"column":51}},"1":{"start":{"line":2,"column":0},"end":{"line":2,"column":52}},"2":{"start":{"line":4,"column":0},"end":{"line":4,"column":13}}},"fnMap":{},"branchMap":{},"s":{"0":4,"1":4,"2":4},"f":{},"b":{}}
,"/Users/thiagodecarvalho/Documents/IATEC/backend-test/src/orders/schemas/order.schema.ts": {"path":"/Users/thiagodecarvalho/Documents/IATEC/backend-test/src/orders/schemas/order.schema.ts","statementMap":{"0":{"start":{"line":1,"column":0},"end":{"line":1,"column":63}},"1":{"start":{"line":2,"column":0},"end":{"line":2,"column":43}},"2":{"start":{"line":7,"column":7},"end":{"line":16,"column":null}},"3":{"start":{"line":9,"column":2},"end":{"line":9,"column":null}},"4":{"start":{"line":12,"column":2},"end":{"line":12,"column":null}},"5":{"start":{"line":15,"column":2},"end":{"line":15,"column":null}},"6":{"start":{"line":7,"column":13},"end":{"line":7,"column":22}},"7":{"start":{"line":7,"column":13},"end":{"line":16,"column":null}},"8":{"start":{"line":19,"column":7},"end":{"line":40,"column":null}},"9":{"start":{"line":21,"column":2},"end":{"line":21,"column":null}},"10":{"start":{"line":24,"column":2},"end":{"line":24,"column":null}},"11":{"start":{"line":27,"column":2},"end":{"line":27,"column":null}},"12":{"start":{"line":30,"column":2},"end":{"line":30,"column":null}},"13":{"start":{"line":33,"column":2},"end":{"line":33,"column":null}},"14":{"start":{"line":36,"column":2},"end":{"line":36,"column":null}},"15":{"start":{"line":39,"column":2},"end":{"line":39,"column":null}},"16":{"start":{"line":19,"column":13},"end":{"line":19,"column":18}},"17":{"start":{"line":19,"column":13},"end":{"line":40,"column":null}},"18":{"start":{"line":42,"column":13},"end":{"line":42,"column":63}},"19":{"start":{"line":43,"column":13},"end":{"line":43,"column":71}}},"fnMap":{"0":{"name":"(anonymous_2)","decl":{"start":{"line":7,"column":7},"end":{"line":7,"column":13}},"loc":{"start":{"line":7,"column":7},"end":{"line":16,"column":1}}},"1":{"name":"(anonymous_3)","decl":{"start":{"line":19,"column":7},"end":{"line":19,"column":13}},"loc":{"start":{"line":19,"column":7},"end":{"line":40,"column":1}}}},"branchMap":{},"s":{"0":6,"1":6,"2":6,"3":6,"4":6,"5":6,"6":6,"7":6,"8":6,"9":6,"10":6,"11":6,"12":6,"13":6,"14":6,"15":6,"16":6,"17":6,"18":6,"19":6},"f":{"0":0,"1":0},"b":{}}
,"/Users/thiagodecarvalho/Documents/IATEC/backend-test/src/reports/reports.controller.ts": {"path":"/Users/thiagodecarvalho/Documents/IATEC/backend-test/src/reports/reports.controller.ts","statementMap":{"0":{"start":{"line":1,"column":0},"end":{"line":1,"column":56}},"1":{"start":{"line":2,"column":0},"end":{"line":2,"column":57}},"2":{"start":{"line":5,"column":7},"end":{"line":13,"column":null}},"3":{"start":{"line":6,"column":14},"end":{"line":6,"column":62}},"4":{"start":{"line":10,"column":18},"end":{"line":10,"column":46}},"5":{"start":{"line":11,"column":4},"end":{"line":11,"column":53}},"6":{"start":{"line":5,"column":13},"end":{"line":5,"column":30}},"7":{"start":{"line":9,"column":2},"end":{"line":12,"column":null}},"8":{"start":{"line":5,"column":13},"end":{"line":13,"column":null}}},"fnMap":{"0":{"name":"(anonymous_4)","decl":{"start":{"line":6,"column":2},"end":{"line":6,"column":14}},"loc":{"start":{"line":6,"column":59},"end":{"line":6,"column":63}}},"1":{"name":"(anonymous_5)","decl":{"start":{"line":9,"column":2},"end":{"line":9,"column":17}},"loc":{"start":{"line":9,"column":44},"end":{"line":12,"column":3}}}},"branchMap":{"0":{"loc":{"start":{"line":10,"column":18},"end":{"line":10,"column":46}},"type":"cond-expr","locations":[{"start":{"line":10,"column":24},"end":{"line":10,"column":41}},{"start":{"line":10,"column":44},"end":{"line":10,"column":46}}]}},"s":{"0":4,"1":4,"2":4,"3":10,"4":4,"5":4,"6":4,"7":4,"8":4},"f":{"0":10,"1":4},"b":{"0":[2,2]}}
,"/Users/thiagodecarvalho/Documents/IATEC/backend-test/src/s3/s3.module.ts": {"path":"/Users/thiagodecarvalho/Documents/IATEC/backend-test/src/s3/s3.module.ts","statementMap":{"0":{"start":{"line":1,"column":0},"end":{"line":1,"column":40}},"1":{"start":{"line":2,"column":0},"end":{"line":2,"column":46}},"2":{"start":{"line":3,"column":0},"end":{"line":3,"column":41}},"3":{"start":{"line":10,"column":7},"end":{"line":10,"column":null}},"4":{"start":{"line":10,"column":13},"end":{"line":10,"column":21}},"5":{"start":{"line":10,"column":13},"end":{"line":10,"column":null}}},"fnMap":{},"branchMap":{},"s":{"0":4,"1":4,"2":4,"3":4,"4":4,"5":4},"f":{},"b":{}}
,"/Users/thiagodecarvalho/Documents/IATEC/backend-test/src/s3/s3.service.ts": {"path":"/Users/thiagodecarvalho/Documents/IATEC/backend-test/src/s3/s3.service.ts","statementMap":{"0":{"start":{"line":1,"column":0},"end":{"line":1,"column":44}},"1":{"start":{"line":2,"column":0},"end":{"line":2,"column":46}},"2":{"start":{"line":3,"column":0},"end":{"line":3,"column":46}},"3":{"start":{"line":4,"column":0},"end":{"line":4,"column":47}},"4":{"start":{"line":7,"column":7},"end":{"line":42,"column":null}},"5":{"start":{"line":10,"column":14},"end":{"line":10,"column":null}},"6":{"start":{"line":8,"column":10},"end":{"line":8,"column":null}},"7":{"start":{"line":11,"column":4},"end":{"line":17,"column":7}},"8":{"start":{"line":21,"column":19},"end":{"line":21,"column":54}},"9":{"start":{"line":23,"column":19},"end":{"line":35,"column":6}},"10":{"start":{"line":37,"column":19},"end":{"line":37,"column":38}},"11":{"start":{"line":40,"column":4},"end":{"line":40,"column":95}},"12":{"start":{"line":7,"column":13},"end":{"line":7,"column":22}},"13":{"start":{"line":7,"column":13},"end":{"line":42,"column":null}}},"fnMap":{"0":{"name":"(anonymous_2)","decl":{"start":{"line":10,"column":2},"end":{"line":10,"column":14}},"loc":{"start":{"line":10,"column":50},"end":{"line":18,"column":3}}},"1":{"name":"(anonymous_3)","decl":{"start":{"line":20,"column":2},"end":{"line":20,"column":7}},"loc":{"start":{"line":20,"column":57},"end":{"line":41,"column":3}}}},"branchMap":{},"s":{"0":8,"1":8,"2":8,"3":8,"4":8,"5":11,"6":11,"7":11,"8":2,"9":2,"10":2,"11":1,"12":8,"13":8},"f":{"0":11,"1":2},"b":{}}
,"/Users/thiagodecarvalho/Documents/IATEC/backend-test/src/test-runner/test-runner.controller.spec.ts": {"path":"/Users/thiagodecarvalho/Documents/IATEC/backend-test/src/test-runner/test-runner.controller.spec.ts","statementMap":{"0":{"start":{"line":5,"column":0},"end":{"line":5,"column":27}},"1":{"start":{"line":1,"column":0},"end":{"line":1,"column":54}},"2":{"start":{"line":2,"column":0},"end":{"line":2,"column":64}},"3":{"start":{"line":3,"column":0},"end":{"line":3,"column":46}},"4":{"start":{"line":7,"column":0},"end":{"line":48,"column":3}},"5":{"start":{"line":10,"column":2},"end":{"line":18,"column":5}},"6":{"start":{"line":11,"column":4},"end":{"line":11,"column":25}},"7":{"start":{"line":13,"column":34},"end":{"line":15,"column":16}},"8":{"start":{"line":17,"column":4},"end":{"line":17,"column":72}},"9":{"start":{"line":20,"column":2},"end":{"line":22,"column":5}},"10":{"start":{"line":21,"column":4},"end":{"line":21,"column":37}},"11":{"start":{"line":24,"column":2},"end":{"line":31,"column":5}},"12":{"start":{"line":25,"column":19},"end":{"line":25,"column":45}},"13":{"start":{"line":26,"column":4},"end":{"line":26,"column":45}},"14":{"start":{"line":27,"column":4},"end":{"line":27,"column":58}},"15":{"start":{"line":28,"column":4},"end":{"line":28,"column":53}},"16":{"start":{"line":29,"column":4},"end":{"line":29,"column":58}},"17":{"start":{"line":30,"column":4},"end":{"line":30,"column":48}},"18":{"start":{"line":33,"column":2},"end":{"line":47,"column":5}},"19":{"start":{"line":34,"column":21},"end":{"line":34,"column":87}},"20":{"start":{"line":35,"column":26},"end":{"line":35,"column":66}},"21":{"start":{"line":37,"column":4},"end":{"line":40,"column":8}},"22":{"start":{"line":42,"column":19},"end":{"line":42,"column":46}},"23":{"start":{"line":43,"column":4},"end":{"line":43,"column":44}},"24":{"start":{"line":44,"column":4},"end":{"line":44,"column":43}},"25":{"start":{"line":45,"column":4},"end":{"line":45,"column":48}},"26":{"start":{"line":46,"column":4},"end":{"line":46,"column":47}}},"fnMap":{"0":{"name":"(anonymous_0)","decl":{"start":{"line":7,"column":33},"end":{"line":7,"column":36}},"loc":{"start":{"line":7,"column":38},"end":{"line":48,"column":1}}},"1":{"name":"(anonymous_1)","decl":{"start":{"line":10,"column":13},"end":{"line":10,"column":18}},"loc":{"start":{"line":10,"column":24},"end":{"line":18,"column":3}}},"2":{"name":"(anonymous_2)","decl":{"start":{"line":20,"column":26},"end":{"line":20,"column":29}},"loc":{"start":{"line":20,"column":31},"end":{"line":22,"column":3}}},"3":{"name":"(anonymous_3)","decl":{"start":{"line":24,"column":48},"end":{"line":24,"column":51}},"loc":{"start":{"line":24,"column":53},"end":{"line":31,"column":3}}},"4":{"name":"(anonymous_4)","decl":{"start":{"line":33,"column":43},"end":{"line":33,"column":48}},"loc":{"start":{"line":33,"column":54},"end":{"line":47,"column":3}}}},"branchMap":{},"s":{"0":0,"1":0,"2":0,"3":0,"4":0,"5":0,"6":0,"7":0,"8":0,"9":0,"10":0,"11":0,"12":0,"13":0,"14":0,"15":0,"16":0,"17":0,"18":0,"19":0,"20":0,"21":0,"22":0,"23":0,"24":0,"25":0,"26":0},"f":{"0":0,"1":0,"2":0,"3":0,"4":0},"b":{}}
,"/Users/thiagodecarvalho/Documents/IATEC/backend-test/src/test-runner/test-runner.controller.ts": {"path":"/Users/thiagodecarvalho/Documents/IATEC/backend-test/src/test-runner/test-runner.controller.ts","statementMap":{"0":{"start":{"line":1,"column":0},"end":{"line":1,"column":63}},"1":{"start":{"line":2,"column":0},"end":{"line":2,"column":37}},"2":{"start":{"line":3,"column":0},"end":{"line":3,"column":33}},"3":{"start":{"line":5,"column":18},"end":{"line":5,"column":33}},"4":{"start":{"line":8,"column":7},"end":{"line":232,"column":null}},"5":{"start":{"line":12,"column":4},"end":{"line":220,"column":6}},"6":{"start":{"line":225,"column":4},"end":{"line":230,"column":5}},"7":{"start":{"line":226,"column":33},"end":{"line":226,"column":64}},"8":{"start":{"line":227,"column":6},"end":{"line":227,"column":47}},"9":{"start":{"line":229,"column":6},"end":{"line":229,"column":82}},"10":{"start":{"line":8,"column":13},"end":{"line":8,"column":33}},"11":{"start":{"line":11,"column":2},"end":{"line":221,"column":null}},"12":{"start":{"line":224,"column":8},"end":{"line":231,"column":null}},"13":{"start":{"line":8,"column":13},"end":{"line":232,"column":null}}},"fnMap":{"0":{"name":"(anonymous_2)","decl":{"start":{"line":11,"column":2},"end":{"line":11,"column":15}},"loc":{"start":{"line":11,"column":15},"end":{"line":221,"column":3}}},"1":{"name":"(anonymous_3)","decl":{"start":{"line":224,"column":8},"end":{"line":224,"column":16}},"loc":{"start":{"line":224,"column":16},"end":{"line":231,"column":3}}}},"branchMap":{"0":{"loc":{"start":{"line":229,"column":23},"end":{"line":229,"column":41}},"type":"binary-expr","locations":[{"start":{"line":229,"column":23},"end":{"line":229,"column":35}},{"start":{"line":229,"column":39},"end":{"line":229,"column":41}}]},"1":{"loc":{"start":{"line":229,"column":50},"end":{"line":229,"column":79}},"type":"binary-expr","locations":[{"start":{"line":229,"column":50},"end":{"line":229,"column":62}},{"start":{"line":229,"column":66},"end":{"line":229,"column":79}}]}},"s":{"0":3,"1":3,"2":3,"3":3,"4":3,"5":0,"6":0,"7":0,"8":0,"9":0,"10":3,"11":3,"12":3,"13":3},"f":{"0":0,"1":0},"b":{"0":[0,0],"1":[0,0]}}
,"/Users/thiagodecarvalho/Documents/IATEC/backend-test/src/test-runner/test-runner.module.ts": {"path":"/Users/thiagodecarvalho/Documents/IATEC/backend-test/src/test-runner/test-runner.module.ts","statementMap":{"0":{"start":{"line":1,"column":0},"end":{"line":1,"column":40}},"1":{"start":{"line":2,"column":0},"end":{"line":2,"column":64}},"2":{"start":{"line":7,"column":7},"end":{"line":7,"column":null}},"3":{"start":{"line":7,"column":13},"end":{"line":7,"column":29}},"4":{"start":{"line":7,"column":13},"end":{"line":7,"column":null}}},"fnMap":{},"branchMap":{},"s":{"0":3,"1":3,"2":3,"3":3,"4":3},"f":{},"b":{}}
}
